============================= test session starts ==============================
platform linux -- Python 3.11.15, pytest-9.0.3, pluggy-1.6.0
rootdir: /app
configfile: pyproject.toml
plugins: hypothesis-6.152.9, asyncio-1.3.0, anyio-4.13.0
asyncio: mode=Mode.AUTO, debug=False, asyncio_default_fixture_loop_scope=None, asyncio_default_test_loop_scope=function
collected 2 items

tests/integration/test_integration.py FE                                 [100%]

==================================== ERRORS ====================================
___________________ ERROR at setup of test_api_key_lifecycle ___________________
tests/integration/test_integration.py:40: in test_env
    await session.flush()
/usr/local/lib/python3.11/site-packages/sqlalchemy/ext/asyncio/session.py:787: in flush
    await greenlet_spawn(self.sync_session.flush, objects=objects)
/usr/local/lib/python3.11/site-packages/sqlalchemy/util/_concurrency_py3k.py:201: in greenlet_spawn
    result = context.throw(*sys.exc_info())
             ^^^^^^^^^^^^^^^^^^^^^^^^^^^^^^
/usr/local/lib/python3.11/site-packages/sqlalchemy/orm/session.py:4331: in flush
    self._flush(objects)
/usr/local/lib/python3.11/site-packages/sqlalchemy/orm/session.py:4466: in _flush
    with util.safe_reraise():
/usr/local/lib/python3.11/site-packages/sqlalchemy/util/langhelpers.py:121: in __exit__
    raise exc_value.with_traceback(exc_tb)
/usr/local/lib/python3.11/site-packages/sqlalchemy/orm/session.py:4427: in _flush
    flush_context.execute()
/usr/local/lib/python3.11/site-packages/sqlalchemy/orm/unitofwork.py:466: in execute
    rec.execute(self)
/usr/local/lib/python3.11/site-packages/sqlalchemy/orm/unitofwork.py:642: in execute
    util.preloaded.orm_persistence.save_obj(
/usr/local/lib/python3.11/site-packages/sqlalchemy/orm/persistence.py:60: in save_obj
    for (
/usr/local/lib/python3.11/site-packages/sqlalchemy/orm/persistence.py:223: in _organize_states_for_save
    for state, dict_, mapper, connection in _connections_for_states(
/usr/local/lib/python3.11/site-packages/sqlalchemy/orm/persistence.py:1759: in _connections_for_states
    connection = uowtransaction.transaction.connection(base_mapper)
                 ^^^^^^^^^^^^^^^^^^^^^^^^^^^^^^^^^^^^^^^^^^^^^^^^^^
<string>:2: in connection
    ???
/usr/local/lib/python3.11/site-packages/sqlalchemy/orm/state_changes.py:137: in _go
    ret_value = fn(self, *arg, **kw)
                ^^^^^^^^^^^^^^^^^^^^
/usr/local/lib/python3.11/site-packages/sqlalchemy/orm/session.py:1037: in connection
    return self._connection_for_bind(bind, execution_options)
           ^^^^^^^^^^^^^^^^^^^^^^^^^^^^^^^^^^^^^^^^^^^^^^^^^^
<string>:2: in _connection_for_bind
    ???
/usr/local/lib/python3.11/site-packages/sqlalchemy/orm/state_changes.py:137: in _go
    ret_value = fn(self, *arg, **kw)
                ^^^^^^^^^^^^^^^^^^^^
/usr/local/lib/python3.11/site-packages/sqlalchemy/orm/session.py:1173: in _connection_for_bind
    conn = self._parent._connection_for_bind(
<string>:2: in _connection_for_bind
    ???
/usr/local/lib/python3.11/site-packages/sqlalchemy/orm/state_changes.py:137: in _go
    ret_value = fn(self, *arg, **kw)
                ^^^^^^^^^^^^^^^^^^^^
/usr/local/lib/python3.11/site-packages/sqlalchemy/orm/session.py:1187: in _connection_for_bind
    conn = bind.connect()
           ^^^^^^^^^^^^^^
/usr/local/lib/python3.11/site-packages/sqlalchemy/engine/base.py:3293: in connect
    return self._connection_cls(self)
           ^^^^^^^^^^^^^^^^^^^^^^^^^^
/usr/local/lib/python3.11/site-packages/sqlalchemy/engine/base.py:143: in __init__
    self._dbapi_connection = engine.raw_connection()
                             ^^^^^^^^^^^^^^^^^^^^^^^
/usr/local/lib/python3.11/site-packages/sqlalchemy/engine/base.py:3317: in raw_connection
    return self.pool.connect()
           ^^^^^^^^^^^^^^^^^^^
/usr/local/lib/python3.11/site-packages/sqlalchemy/pool/base.py:448: in connect
    return _ConnectionFairy._checkout(self)
           ^^^^^^^^^^^^^^^^^^^^^^^^^^^^^^^^
/usr/local/lib/python3.11/site-packages/sqlalchemy/pool/base.py:1371: in _checkout
    with util.safe_reraise():
/usr/local/lib/python3.11/site-packages/sqlalchemy/util/langhelpers.py:121: in __exit__
    raise exc_value.with_traceback(exc_tb)
/usr/local/lib/python3.11/site-packages/sqlalchemy/pool/base.py:1309: in _checkout
    result = pool._dialect._do_ping_w_event(
/usr/local/lib/python3.11/site-packages/sqlalchemy/engine/default.py:729: in _do_ping_w_event
    return self.do_ping(dbapi_connection)
           ^^^^^^^^^^^^^^^^^^^^^^^^^^^^^^
/usr/local/lib/python3.11/site-packages/sqlalchemy/dialects/postgresql/asyncpg.py:1160: in do_ping
    dbapi_connection.ping()
/usr/local/lib/python3.11/site-packages/sqlalchemy/dialects/postgresql/asyncpg.py:818: in ping
    self._handle_exception(error)
/usr/local/lib/python3.11/site-packages/sqlalchemy/dialects/postgresql/asyncpg.py:799: in _handle_exception
    raise error
/usr/local/lib/python3.11/site-packages/sqlalchemy/dialects/postgresql/asyncpg.py:816: in ping
    _ = self.await_(self._async_ping())
        ^^^^^^^^^^^^^^^^^^^^^^^^^^^^^^^
/usr/local/lib/python3.11/site-packages/sqlalchemy/util/_concurrency_py3k.py:132: in await_only
    return current.parent.switch(awaitable)  # type: ignore[no-any-return,attr-defined] # noqa: E501
           ^^^^^^^^^^^^^^^^^^^^^^^^^^^^^^^^
/usr/local/lib/python3.11/site-packages/sqlalchemy/util/_concurrency_py3k.py:196: in greenlet_spawn
    value = await result
            ^^^^^^^^^^^^
/usr/local/lib/python3.11/site-packages/sqlalchemy/dialects/postgresql/asyncpg.py:825: in _async_ping
    await tr.start()
/usr/local/lib/python3.11/site-packages/asyncpg/transaction.py:146: in start
    await self._connection.execute(query)
/usr/local/lib/python3.11/site-packages/asyncpg/connection.py:354: in execute
    result = await self._protocol.query(query, timeout)
             ^^^^^^^^^^^^^^^^^^^^^^^^^^^^^^^^^^^^^^^^^^
asyncpg/protocol/protocol.pyx:369: in query
    ???
E   RuntimeError: Task <Task pending name='Task-24' coro=<_wrap_async_fixture.<locals>._async_fixture_wrapper.<locals>.setup() running at /usr/local/lib/python3.11/site-packages/pytest_asyncio/plugin.py:357> cb=[_run_until_complete_cb() at /usr/local/lib/python3.11/asyncio/base_events.py:181]> got Future <Future pending cb=[BaseProtocol._on_waiter_completed()]> attached to a different loop
=================================== FAILURES ===================================
_______________________ test_full_ingest_query_roundtrip _______________________
tests/integration/test_integration.py:122: in test_full_ingest_query_roundtrip
    assert resp.json() == {"accepted": 2, "rejected": 0}
E   AssertionError: assert {'data': {'ac...}, 'meta': {}} == {'accepted': 2, 'rejected': 0}
E     
E     Left contains 2 more items:
E     {'data': {'accepted': 2, 'rejected': 0}, 'meta': {}}
E     Right contains 2 more items:
E     {'accepted': 2, 'rejected': 0}
E     Use -v to get more diff
---------------------------- Captured stderr setup -----------------------------
INFO  [alembic.runtime.migration] Context impl PostgresqlImpl.
INFO  [alembic.runtime.migration] Will assume transactional DDL.
INFO  [sqlalchemy.engine.Engine] select pg_catalog.version()
INFO  [sqlalchemy.engine.Engine] [raw sql] ()
INFO  [sqlalchemy.engine.Engine] select current_schema()
INFO  [sqlalchemy.engine.Engine] [raw sql] ()
INFO  [sqlalchemy.engine.Engine] show standard_conforming_strings
INFO  [sqlalchemy.engine.Engine] [raw sql] ()
INFO  [sqlalchemy.engine.Engine] BEGIN (implicit)
INFO  [sqlalchemy.engine.Engine] INSERT INTO organizations (id, name, slug) VALUES ($1::UUID, $2::VARCHAR, $3::VARCHAR) RETURNING organizations.created_at, organizations.updated_at
INFO  [sqlalchemy.engine.Engine] [generated in 0.00019s] (UUID('4cd615eb-f59a-47de-a1d0-222b34d7af90'), 'Integration Org 8df0375a', 'int-org-8df0375a')
INFO  [sqlalchemy.engine.Engine] INSERT INTO users (id, clerk_id, email, name) VALUES ($1::UUID, $2::VARCHAR, $3::VARCHAR, $4::VARCHAR) RETURNING users.created_at, users.updated_at
INFO  [sqlalchemy.engine.Engine] [generated in 0.00035s] (UUID('1255913b-b7a0-47c8-8a43-52c5d8b4d3f0'), 'usr_clerk_8df0375a', 'user_8df0375a@example.com', 'Integration User')
INFO  [sqlalchemy.engine.Engine] INSERT INTO org_members (id, org_id, user_id, role) VALUES ($1::UUID, $2::UUID, $3::UUID, $4::VARCHAR) RETURNING org_members.created_at
INFO  [sqlalchemy.engine.Engine] [generated in 0.00021s] (UUID('b278e96b-ac6b-4ca1-a482-bb6fe606d4ce'), UUID('4cd615eb-f59a-47de-a1d0-222b34d7af90'), UUID('1255913b-b7a0-47c8-8a43-52c5d8b4d3f0'), 'owner')
INFO  [sqlalchemy.engine.Engine] INSERT INTO projects (id, org_id, name, slug) VALUES ($1::UUID, $2::UUID, $3::VARCHAR, $4::VARCHAR) RETURNING projects.created_at, projects.updated_at
INFO  [sqlalchemy.engine.Engine] [generated in 0.00028s] (UUID('ed1ac4e5-bddd-4177-b424-ab401764efbb'), UUID('4cd615eb-f59a-47de-a1d0-222b34d7af90'), 'Integration Project 8df0375a', 'int-proj-8df0375a')
INFO  [sqlalchemy.engine.Engine] INSERT INTO api_keys (id, project_id, name, key_hash, key_prefix, last_used_at, revoked_at) VALUES ($1::UUID, $2::UUID, $3::VARCHAR, $4::VARCHAR, $5::VARCHAR, $6::TIMESTAMP WITH TIME ZONE, $7::TIMESTAMP WITH TIME ZONE) RETURNING api_keys.created_at
INFO  [sqlalchemy.engine.Engine] [generated in 0.00019s] (UUID('e7dd9f18-62a5-408b-8ec7-82c2d84b2201'), UUID('ed1ac4e5-bddd-4177-b424-ab401764efbb'), 'Integration Key', '3f26b2cba93dd36f985f9b69b612b5a5c1948f27d8a0e99ec7b371192236ba28', 'al_live_l2OagOG5', None, None)
INFO  [sqlalchemy.engine.Engine] COMMIT
----------------------------- Captured stderr call -----------------------------
INFO  [sqlalchemy.engine.Engine] BEGIN (implicit)
INFO  [sqlalchemy.engine.Engine] SELECT api_keys.id, api_keys.project_id, api_keys.name, api_keys.key_hash, api_keys.key_prefix, api_keys.created_at, api_keys.last_used_at, api_keys.revoked_at, projects.id AS id_1, projects.org_id, projects.name AS name_1, projects.slug, projects.created_at AS created_at_1, projects.updated_at 
FROM api_keys JOIN projects ON api_keys.project_id = projects.id 
WHERE api_keys.key_hash = $1::VARCHAR AND api_keys.revoked_at IS NULL
INFO  [sqlalchemy.engine.Engine] [generated in 0.00028s] ('3f26b2cba93dd36f985f9b69b612b5a5c1948f27d8a0e99ec7b371192236ba28',)
INFO  [sqlalchemy.engine.Engine] UPDATE api_keys SET last_used_at=$1::TIMESTAMP WITH TIME ZONE WHERE api_keys.id = $2::UUID
INFO  [sqlalchemy.engine.Engine] [generated in 0.00013s] (datetime.datetime(2026, 5, 23, 18, 44, 0, 345755), UUID('e7dd9f18-62a5-408b-8ec7-82c2d84b2201'))
INFO  [sqlalchemy.engine.Engine] SELECT traces.id, traces.project_id, traces.name, traces.status, traces.started_at, traces.ended_at, traces.duration_ms, traces.span_count, traces.error_count, traces.total_tokens, traces.input_tokens, traces.output_tokens, traces.total_cost_usd, traces.model, traces.created_at, traces.updated_at 
FROM traces 
WHERE traces.id = $1::UUID
INFO  [sqlalchemy.engine.Engine] [generated in 0.00041s] (UUID('785dfccc-a742-4d74-9d47-bc8686781b8e'),)
INFO  [sqlalchemy.engine.Engine] INSERT INTO traces (id, project_id, name, status, started_at, ended_at, duration_ms, span_count, error_count, total_tokens, input_tokens, output_tokens, total_cost_usd, model) VALUES ($1::UUID, $2::UUID, $3::VARCHAR, $4::VARCHAR, $5::TIMESTAMP WITH TIME ZONE, $6::TIMESTAMP WITH TIME ZONE, $7::BIGINT, $8::INTEGER, $9::INTEGER, $10::BIGINT, $11::BIGINT, $12::BIGINT, $13::NUMERIC(12, 6), $14::VARCHAR) RETURNING traces.created_at, traces.updated_at
INFO  [sqlalchemy.engine.Engine] [generated in 0.00015s] (UUID('785dfccc-a742-4d74-9d47-bc8686781b8e'), UUID('ed1ac4e5-bddd-4177-b424-ab401764efbb'), 'root-agent-run', 'running', datetime.datetime(2026, 5, 23, 18, 44, 0, 193298, tzinfo=TzInfo(0)), None, None, 0, 0, None, None, None, None, None)
INFO  [sqlalchemy.engine.Engine] INSERT INTO spans (id, trace_id, project_id, parent_span_id, name, span_type, status, started_at, ended_at, duration_ms, model, provider, input_tokens, output_tokens, cost_usd, tool_name, tool_call_id, input, output, metadata, tags, error_type, error_message, error_stack) VALUES ($1::UUID, $2::UUID, $3::UUID, $4::UUID, $5::VARCHAR, $6::VARCHAR, $7::VARCHAR, $8::TIMESTAMP WITH TIME ZONE, $9::TIMESTAMP WITH TIME ZONE, $10::BIGINT, $11::VARCHAR, $12::VARCHAR, $13::INTEGER, $14::INTEGER, $15::NUMERIC(12, 6), $16::VARCHAR, $17::VARCHAR, $18::JSONB, $19::JSONB, $20::JSONB, $21::JSONB, $22::VARCHAR, $23::VARCHAR, $24::VARCHAR), ($25::UUID, $26::UUID, $27::UUID, $28::UUID, $29::VARCHAR, $30::VARCHAR, $31::VARCHAR, $32::TIMESTAMP WITH TIME ZONE, $33::TIMESTAMP WITH TIME ZONE, $34::BIGINT, $35::VARCHAR, $36::VARCHAR, $37::INTEGER, $38::INTEGER, $39::NUMERIC(12, 6), $40::VARCHAR, $41::VARCHAR, $42::JSONB, $43::JSONB, $44::JSONB, $45::JSONB, $46::VARCHAR, $47::VARCHAR, $48::VARCHAR) ON CONFLICT (id) DO NOTHING
INFO  [sqlalchemy.engine.Engine] [no key 0.00043s] (UUID('34b77afa-9f68-467c-9ecb-157a78b17975'), UUID('785dfccc-a742-4d74-9d47-bc8686781b8e'), UUID('ed1ac4e5-bddd-4177-b424-ab401764efbb'), None, 'root-agent-run', 'agent', 'success', datetime.datetime(2026, 5, 23, 18, 44, 0, 193298, tzinfo=TzInfo(0)), datetime.datetime(2026, 5, 23, 18, 44, 0, 193309, tzinfo=TzInfo(0)), None, None, None, None, None, None, None, None, 'null', 'null', 'null', 'null', None, None, None, UUID('5ae7d3e3-3362-4fc4-8b78-174d0b3796c3'), UUID('785dfccc-a742-4d74-9d47-bc8686781b8e'), UUID('ed1ac4e5-bddd-4177-b424-ab401764efbb'), UUID('34b77afa-9f68-467c-9ecb-157a78b17975'), 'openai.chat.completions.create (gpt-4o)', 'llm', 'success', datetime.datetime(2026, 5, 23, 18, 44, 0, 193313, tzinfo=TzInfo(0)), datetime.datetime(2026, 5, 23, 18, 44, 0, 193314, tzinfo=TzInfo(0)), None, 'gpt-4o', 'openai', 100, 50, 0.00225, None, None, '{"messages": [{"role": "user", "content": "hello"}]}', '{"choices": [{"message": {"role": "assistant", "content": "hi"}}]}', 'null', 'null', None, None, None)
INFO  [sqlalchemy.engine.Engine] UPDATE traces SET status=$1::VARCHAR, ended_at=$2::TIMESTAMP WITH TIME ZONE, duration_ms=$3::BIGINT, span_count=$4::INTEGER, error_count=$5::INTEGER, total_tokens=$6::BIGINT, input_tokens=$7::BIGINT, output_tokens=$8::BIGINT, total_cost_usd=$9::NUMERIC(12, 6), model=$10::VARCHAR, updated_at=now() WHERE traces.id = $11::UUID
INFO  [sqlalchemy.engine.Engine] [generated in 0.00016s] ('success', datetime.datetime(2026, 5, 23, 18, 44, 0, 193309, tzinfo=TzInfo(0)), 0, 2, 0, 150, 100, 50, 0.00225, None, UUID('785dfccc-a742-4d74-9d47-bc8686781b8e'))
INFO  [sqlalchemy.engine.Engine] COMMIT
=============================== warnings summary ===============================
app/main.py:83
  /app/app/main.py:83: DeprecationWarning: 
          on_event is deprecated, use lifespan event handlers instead.
  
          Read more about it in the
          [FastAPI docs for Lifespan Events](https://fastapi.tiangolo.com/advanced/events/).
          
    @app.on_event("startup")

../usr/local/lib/python3.11/site-packages/fastapi/applications.py:4598
  /usr/local/lib/python3.11/site-packages/fastapi/applications.py:4598: DeprecationWarning: 
          on_event is deprecated, use lifespan event handlers instead.
  
          Read more about it in the
          [FastAPI docs for Lifespan Events](https://fastapi.tiangolo.com/advanced/events/).
          
    return self.router.on_event(event_type)  # ty: ignore[deprecated]

tests/integration/test_integration.py::test_full_ingest_query_roundtrip
  /usr/local/lib/python3.11/site-packages/alembic/config.py:612: DeprecationWarning: No path_separator found in configuration; falling back to legacy splitting on spaces, commas, and colons for prepend_sys_path.  Consider adding path_separator=os to Alembic config.
    util.warn_deprecated(

-- Docs: https://docs.pytest.org/en/stable/how-to/capture-warnings.html
=========================== short test summary info ============================
FAILED tests/integration/test_integration.py::test_full_ingest_query_roundtrip
ERROR tests/integration/test_integration.py::test_api_key_lifecycle - Runtime...
==================== 1 failed, 3 warnings, 1 error in 2.63s ====================
